<?xml version="1.0" encoding="UTF-8"?>
<!-- Generated by org.testng.reporters.JUnitXMLReporter -->
<testsuite ignored="0" hostname="DESKTOP-COGVPJ0" failures="0" tests="7" name="Default test" time="0.451" errors="0" timestamp="2022-07-25T16:20:09 IST">
  <testcase classname="com.sgtesting.scenarios.CreateUserScenarios" name="launchBrowser" time="0.301"/>
  <testcase classname="com.sgtesting.scenarios.CreateUserScenarios" name="navigate" time="0.015"/>
  <testcase classname="com.sgtesting.scenarios.CreateUserScenarios" name="login" time="0.021"/>
  <testcase classname="com.sgtesting.scenarios.CreateUserScenarios" name="createUser" time="0.002"/>
  <testcase classname="com.sgtesting.scenarios.CreateUserScenarios" name="deleteUser" time="0.002"/>
  <testcase classname="com.sgtesting.scenarios.CreateUserScenarios" name="logout" time="0.008"/>
  <testcase classname="com.sgtesting.scenarios.CreateUserScenarios" name="closeApplication" time="0.005"/>
</testsuite> <!-- Default test -->
