<?xml version="1.0" encoding="UTF-8"?>
<testng-results ignored="0" total="7" passed="7" failed="0" skipped="0">
  <reporter-output>
  </reporter-output>
  <suite started-at="2022-07-25T16:20:08 IST" name="Default suite" finished-at="2022-07-25T16:20:08 IST" duration-ms="451">
    <groups>
    </groups>
    <test started-at="2022-07-25T16:20:08 IST" name="Default test" finished-at="2022-07-25T16:20:08 IST" duration-ms="451">
      <class name="com.sgtesting.scenarios.CreateUserScenarios">
        <test-method signature="launchBrowser()[pri:1, instance:com.sgtesting.scenarios.CreateUserScenarios@483f6d77]" started-at="2022-07-25T16:20:08 IST" name="launchBrowser" finished-at="2022-07-25T16:20:08 IST" duration-ms="301" status="PASS">
          <reporter-output>
          </reporter-output>
        </test-method> <!-- launchBrowser -->
        <test-method signature="navigate()[pri:2, instance:com.sgtesting.scenarios.CreateUserScenarios@483f6d77]" started-at="2022-07-25T16:20:08 IST" name="navigate" finished-at="2022-07-25T16:20:08 IST" duration-ms="15" status="PASS">
          <reporter-output>
          </reporter-output>
        </test-method> <!-- navigate -->
        <test-method signature="login()[pri:3, instance:com.sgtesting.scenarios.CreateUserScenarios@483f6d77]" started-at="2022-07-25T16:20:08 IST" name="login" finished-at="2022-07-25T16:20:08 IST" duration-ms="21" status="PASS">
          <reporter-output>
          </reporter-output>
        </test-method> <!-- login -->
        <test-method signature="createUser()[pri:4, instance:com.sgtesting.scenarios.CreateUserScenarios@483f6d77]" started-at="2022-07-25T16:20:08 IST" name="createUser" finished-at="2022-07-25T16:20:08 IST" duration-ms="2" status="PASS">
          <reporter-output>
          </reporter-output>
        </test-method> <!-- createUser -->
        <test-method signature="deleteUser()[pri:5, instance:com.sgtesting.scenarios.CreateUserScenarios@483f6d77]" started-at="2022-07-25T16:20:08 IST" name="deleteUser" finished-at="2022-07-25T16:20:08 IST" duration-ms="2" status="PASS">
          <reporter-output>
          </reporter-output>
        </test-method> <!-- deleteUser -->
        <test-method signature="logout()[pri:6, instance:com.sgtesting.scenarios.CreateUserScenarios@483f6d77]" started-at="2022-07-25T16:20:08 IST" name="logout" finished-at="2022-07-25T16:20:08 IST" duration-ms="8" status="PASS">
          <reporter-output>
          </reporter-output>
        </test-method> <!-- logout -->
        <test-method signature="closeApplication()[pri:7, instance:com.sgtesting.scenarios.CreateUserScenarios@483f6d77]" started-at="2022-07-25T16:20:08 IST" name="closeApplication" finished-at="2022-07-25T16:20:08 IST" duration-ms="5" status="PASS">
          <reporter-output>
          </reporter-output>
        </test-method> <!-- closeApplication -->
      </class> <!-- com.sgtesting.scenarios.CreateUserScenarios -->
    </test> <!-- Default test -->
  </suite> <!-- Default suite -->
</testng-results>
